# JRE version: OpenJDK Runtime Environment (11.0.8+10) (build 11.0.8+10-b944.6842174)
# Java VM: OpenJDK 64-Bit Server VM (11.0.8+10-b944.6842174, mixed mode, tiered, compressed oops, g1 gc, windows-amd64)
Heap:
 garbage-first heap   total 239616K, used 166434K [0x0000000080000000, 0x0000000100000000)
  region size 1024K, 39 young (39936K), 3 survivors (3072K)
 Metaspace       used 177349K, capacity 181733K, committed 198272K, reserved 1218560K
  class space    used 21881K, capacity 23452K, committed 28288K, reserved 1048576K
GC Heap History (20 events):
Event: 9722.212 GC heap before
{Heap before GC invocations=261 (full 0):
 garbage-first heap   total 239616K, used 140607K [0x0000000080000000, 0x0000000100000000)
  region size 1024K, 11 young (11264K), 1 survivors (1024K)
 Metaspace       used 176124K, capacity 179950K, committed 198272K, reserved 1218560K
  class space    used 21719K, capacity 23171K, committed 28288K, reserved 1048576K
}
Event: 9722.245 GC heap after
{Heap after GC invocations=262 (full 0):
 garbage-first heap   total 239616K, used 127664K [0x0000000080000000, 0x0000000100000000)
  region size 1024K, 2 young (2048K), 2 survivors (2048K)
 Metaspace       used 176124K, capacity 179950K, committed 198272K, reserved 1218560K
  class space    used 21719K, capacity 23171K, committed 28288K, reserved 1048576K
}
Event: 9722.413 GC heap before
{Heap before GC invocations=262 (full 0):
 garbage-first heap   total 239616K, used 136880K [0x0000000080000000, 0x0000000100000000)
  region size 1024K, 11 young (11264K), 2 survivors (2048K)
 Metaspace       used 176150K, capacity 179958K, committed 198272K, reserved 1218560K
  class space    used 21719K, capacity 23172K, committed 28288K, reserved 1048576K
}
Event: 9722.452 GC heap after
{Heap after GC invocations=263 (full 0):
 garbage-first heap   total 239616K, used 127947K [0x0000000080000000, 0x0000000100000000)
  region size 1024K, 1 young (1024K), 1 survivors (1024K)
 Metaspace       used 176150K, capacity 179958K, committed 198272K, reserved 1218560K
  class space    used 21719K, capacity 23172K, committed 28288K, reserved 1048576K
}
Event: 9723.269 GC heap before
{Heap before GC invocations=263 (full 0):
 garbage-first heap   total 239616K, used 173003K [0x0000000080000000, 0x0000000100000000)
  region size 1024K, 45 young (46080K), 1 survivors (1024K)
 Metaspace       used 176654K, capacity 180795K, committed 198272K, reserved 1218560K
  class space    used 21803K, capacity 23325K, committed 28288K, reserved 1048576K
}
Event: 9723.274 GC heap after
{Heap after GC invocations=264 (full 0):
 garbage-first heap   total 239616K, used 130895K [0x0000000080000000, 0x0000000100000000)
  region size 1024K, 4 young (4096K), 4 survivors (4096K)
 Metaspace       used 176654K, capacity 180795K, committed 198272K, reserved 1218560K
  class space    used 21803K, capacity 23325K, committed 28288K, reserved 1048576K
}
Event: 9865.973 GC heap before
{Heap before GC invocations=265 (full 0):
 garbage-first heap   total 239616K, used 181071K [0x0000000080000000, 0x0000000100000000)
  region size 1024K, 54 young (55296K), 4 survivors (4096K)
 Metaspace       used 176965K, capacity 181124K, committed 198272K, reserved 1218560K
  class space    used 21838K, capacity 23373K, committed 28288K, reserved 1048576K
}
Event: 9866.175 GC heap after
{Heap after GC invocations=266 (full 0):
 garbage-first heap   total 239616K, used 132713K [0x0000000080000000, 0x0000000100000000)
  region size 1024K, 5 young (5120K), 5 survivors (5120K)
 Metaspace       used 176965K, capacity 181124K, committed 198272K, reserved 1218560K
  class space    used 21838K, capacity 23373K, committed 28288K, reserved 1048576K
}
Event: 9866.284 GC heap before
{Heap before GC invocations=266 (full 0):
 garbage-first heap   total 239616K, used 138857K [0x0000000080000000, 0x0000000100000000)
  region size 1024K, 11 young (11264K), 5 survivors (5120K)
 Metaspace       used 177014K, capacity 181166K, committed 198272K, reserved 1218560K
  class space    used 21847K, capacity 23384K, committed 28288K, reserved 1048576K
}
Event: 9866.452 GC heap after
{Heap after GC invocations=267 (full 0):
 garbage-first heap   total 239616K, used 131859K [0x0000000080000000, 0x0000000100000000)
  region size 1024K, 2 young (2048K), 2 survivors (2048K)
 Metaspace       used 177014K, capacity 181166K, committed 198272K, reserved 1218560K
  class space    used 21847K, capacity 23384K, committed 28288K, reserved 1048576K
}
Event: 9866.525 GC heap before
{Heap before GC invocations=267 (full 0):
 garbage-first heap   total 239616K, used 141075K [0x0000000080000000, 0x0000000100000000)
  region size 1024K, 11 young (11264K), 2 survivors (2048K)
 Metaspace       used 177015K, capacity 181166K, committed 198272K, reserved 1218560K
  class space    used 21847K, capacity 23384K, committed 28288K, reserved 1048576K
}
Event: 9866.537 GC heap after
{Heap after GC invocations=268 (full 0):
 garbage-first heap   total 239616K, used 132181K [0x0000000080000000, 0x0000000100000000)
  region size 1024K, 1 young (1024K), 1 survivors (1024K)
 Metaspace       used 177015K, capacity 181166K, committed 198272K, reserved 1218560K
  class space    used 21847K, capacity 23384K, committed 28288K, reserved 1048576K
}
Event: 9869.429 GC heap before
{Heap before GC invocations=268 (full 0):
 garbage-first heap   total 239616K, used 183381K [0x0000000080000000, 0x0000000100000000)
  region size 1024K, 52 young (53248K), 1 survivors (1024K)
 Metaspace       used 177100K, capacity 181386K, committed 198272K, reserved 1218560K
  class space    used 21850K, capacity 23389K, committed 28288K, reserved 1048576K
}
Event: 9869.439 GC heap after
{Heap after GC invocations=269 (full 0):
 garbage-first heap   total 239616K, used 136538K [0x0000000080000000, 0x0000000100000000)
  region size 1024K, 5 young (5120K), 5 survivors (5120K)
 Metaspace       used 177100K, capacity 181386K, committed 198272K, reserved 1218560K
  class space    used 21850K, capacity 23389K, committed 28288K, reserved 1048576K
}
Event: 9869.773 GC heap before
{Heap before GC invocations=270 (full 0):
 garbage-first heap   total 239616K, used 187738K [0x0000000080000000, 0x0000000100000000)
  region size 1024K, 56 young (57344K), 5 survivors (5120K)
 Metaspace       used 177069K, capacity 181312K, committed 198272K, reserved 1218560K
  class space    used 21833K, capacity 23346K, committed 28288K, reserved 1048576K
}
Event: 9869.849 GC heap after
{Heap after GC invocations=271 (full 0):
 garbage-first heap   total 239616K, used 139496K [0x0000000080000000, 0x0000000100000000)
  region size 1024K, 4 young (4096K), 4 survivors (4096K)
 Metaspace       used 177069K, capacity 181312K, committed 198272K, reserved 1218560K
  class space    used 21833K, capacity 23346K, committed 28288K, reserved 1048576K
}
Event: 9869.899 GC heap before
{Heap before GC invocations=271 (full 0):
 garbage-first heap   total 239616K, used 145640K [0x0000000080000000, 0x0000000100000000)
  region size 1024K, 11 young (11264K), 4 survivors (4096K)
 Metaspace       used 177071K, capacity 181312K, committed 198272K, reserved 1218560K
  class space    used 21834K, capacity 23346K, committed 28288K, reserved 1048576K
}
Event: 9869.915 GC heap after
{Heap after GC invocations=272 (full 0):
 garbage-first heap   total 239616K, used 129847K [0x0000000080000000, 0x0000000100000000)
  region size 1024K, 1 young (1024K), 1 survivors (1024K)
 Metaspace       used 177071K, capacity 181312K, committed 198272K, reserved 1218560K
  class space    used 21834K, capacity 23346K, committed 28288K, reserved 1048576K
}
Event: 10239.072 GC heap before
{Heap before GC invocations=272 (full 0):
 garbage-first heap   total 239616K, used 185143K [0x0000000080000000, 0x0000000100000000)
  region size 1024K, 56 young (57344K), 1 survivors (1024K)
 Metaspace       used 177185K, capacity 181453K, committed 198272K, reserved 1218560K
  class space    used 21845K, capacity 23362K, committed 28288K, reserved 1048576K
}
Event: 10239.080 GC heap after
{Heap after GC invocations=273 (full 0):
 garbage-first heap   total 239616K, used 131618K [0x0000000080000000, 0x0000000100000000)
  region size 1024K, 3 young (3072K), 3 survivors (3072K)
 Metaspace       used 177185K, capacity 181453K, committed 198272K, reserved 1218560K
  class space    used 21845K, capacity 23362K, committed 28288K, reserved 1048576K
}

